<?xml version="1.0" encoding="UTF-8"?>
<testsuite xmlns:xsi="http://www.w3.org/2001/XMLSchema-instance" xsi:noNamespaceSchemaLocation="https://maven.apache.org/surefire/maven-surefire-plugin/xsd/surefire-test-report.xsd" name="org.sdet.qa.LoginTest" time="8.16" tests="2" errors="0" skipped="0" failures="0">
  <properties>
[...]
</properties>
  <testcase name="Case1" classname="org.sdet.qa.LoginTest" time="5.872"/>
  <testcase name="Case2" classname="org.sdet.qa.LoginTest" time="2.141"/>
</testsuite>